22:49:58.376 [main] INFO  io.micronaut.runtime.Micronaut - Startup completed in 8314ms. Server Running: http://localhost:8080
22:52:50.850 [default-nioEventLoopGroup-1-2] INFO  i.h.services.ArabicNameService - Saving  ArabicName : ArabicName(id=null, name=Ahmed AlHashmi, letter=null, nativeArabic=null, meaning=null, dateCreated=null, dateUpdated=null)
22:52:50.850 [default-nioEventLoopGroup-1-4] INFO  i.h.services.ArabicNameService - Saving  ArabicName : ArabicName(id=null, name=Ahmed AlHashmi, letter=null, nativeArabic=null, meaning=null, dateCreated=null, dateUpdated=null)
22:52:50.851 [default-nioEventLoopGroup-1-3] INFO  i.h.services.ArabicNameService - Saving  ArabicName : ArabicName(id=null, name=Ahmed AlHashmi, letter=null, nativeArabic=null, meaning=null, dateCreated=null, dateUpdated=null)
22:52:51.141 [default-nioEventLoopGroup-1-4] INFO  org.mongodb.driver.cluster - Cluster created with settings {hosts=[localhost:27017], mode=SINGLE, requiredClusterType=UNKNOWN, serverSelectionTimeout='30000 ms'}
22:52:51.281 [default-nioEventLoopGroup-1-4] INFO  org.mongodb.driver.cluster - Cluster description not yet available. Waiting for 30000 ms before timing out
22:52:51.281 [default-nioEventLoopGroup-1-2] INFO  org.mongodb.driver.cluster - Cluster description not yet available. Waiting for 30000 ms before timing out
22:52:51.281 [default-nioEventLoopGroup-1-3] INFO  org.mongodb.driver.cluster - Cluster description not yet available. Waiting for 30000 ms before timing out
22:52:52.611 [cluster-ClusterId{value='61f4499388325d0efd737576', description='null'}-localhost:27017] INFO  org.mongodb.driver.connection - Opened connection [connectionId{localValue:1, serverValue:13}] to localhost:27017
22:52:52.611 [cluster-rtt-ClusterId{value='61f4499388325d0efd737576', description='null'}-localhost:27017] INFO  org.mongodb.driver.connection - Opened connection [connectionId{localValue:2, serverValue:14}] to localhost:27017
22:52:52.612 [cluster-ClusterId{value='61f4499388325d0efd737576', description='null'}-localhost:27017] INFO  org.mongodb.driver.cluster - Monitor thread successfully connected to server with description ServerDescription{address=localhost:27017, type=STANDALONE, state=CONNECTED, ok=true, minWireVersion=0, maxWireVersion=8, maxDocumentSize=16777216, logicalSessionTimeoutMinutes=30, roundTripTimeNanos=1394908400}
22:52:52.674 [default-nioEventLoopGroup-1-2] DEBUG io.micronaut.data.query - Executing Mongo 'insertOne' with entity: ArabicName(id=null, name=Ahmed AlHashmi, letter=null, nativeArabic=null, meaning=null, dateCreated=Fri Jan 28 22:52:52 AST 2022, dateUpdated=Fri Jan 28 22:52:52 AST 2022)
22:52:52.674 [default-nioEventLoopGroup-1-4] DEBUG io.micronaut.data.query - Executing Mongo 'insertOne' with entity: ArabicName(id=null, name=Ahmed AlHashmi, letter=null, nativeArabic=null, meaning=null, dateCreated=Fri Jan 28 22:52:52 AST 2022, dateUpdated=Fri Jan 28 22:52:52 AST 2022)
22:52:52.674 [default-nioEventLoopGroup-1-3] DEBUG io.micronaut.data.query - Executing Mongo 'insertOne' with entity: ArabicName(id=null, name=Ahmed AlHashmi, letter=null, nativeArabic=null, meaning=null, dateCreated=Fri Jan 28 22:52:52 AST 2022, dateUpdated=Fri Jan 28 22:52:52 AST 2022)
22:52:52.748 [default-nioEventLoopGroup-1-3] INFO  org.mongodb.driver.connection - Opened connection [connectionId{localValue:4, serverValue:15}] to localhost:27017
22:52:52.839 [default-nioEventLoopGroup-1-4] INFO  org.mongodb.driver.connection - Opened connection [connectionId{localValue:3, serverValue:16}] to localhost:27017
22:52:52.843 [default-nioEventLoopGroup-1-2] INFO  org.mongodb.driver.connection - Opened connection [connectionId{localValue:5, serverValue:17}] to localhost:27017
22:52:54.807 [default-nioEventLoopGroup-1-5] INFO  i.h.services.ArabicNameService - Saving  ArabicName : ArabicName(id=null, name=Ahmed AlHashmi, letter=null, nativeArabic=null, meaning=null, dateCreated=null, dateUpdated=null)
22:52:54.808 [default-nioEventLoopGroup-1-5] DEBUG io.micronaut.data.query - Executing Mongo 'insertOne' with entity: ArabicName(id=null, name=Ahmed AlHashmi, letter=null, nativeArabic=null, meaning=null, dateCreated=Fri Jan 28 22:52:54 AST 2022, dateUpdated=Fri Jan 28 22:52:54 AST 2022)
22:52:54.815 [default-nioEventLoopGroup-1-5] INFO  org.mongodb.driver.connection - Opened connection [connectionId{localValue:6, serverValue:18}] to localhost:27017
22:54:14.196 [default-nioEventLoopGroup-1-2] INFO  i.h.services.ArabicNameService - Saving  ArabicName : ArabicName(id=null, name=Hashim AlHashmi, letter=null, nativeArabic=null, meaning=null, dateCreated=null, dateUpdated=null)
22:54:14.197 [default-nioEventLoopGroup-1-2] DEBUG io.micronaut.data.query - Executing Mongo 'insertOne' with entity: ArabicName(id=null, name=Hashim AlHashmi, letter=null, nativeArabic=null, meaning=null, dateCreated=Fri Jan 28 22:54:14 AST 2022, dateUpdated=Fri Jan 28 22:54:14 AST 2022)
22:54:16.401 [default-nioEventLoopGroup-1-2] INFO  i.h.services.ArabicNameService - Saving  ArabicName : ArabicName(id=null, name=Hashim AlHashmi, letter=null, nativeArabic=null, meaning=null, dateCreated=null, dateUpdated=null)
22:54:16.402 [default-nioEventLoopGroup-1-2] DEBUG io.micronaut.data.query - Executing Mongo 'insertOne' with entity: ArabicName(id=null, name=Hashim AlHashmi, letter=null, nativeArabic=null, meaning=null, dateCreated=Fri Jan 28 22:54:16 AST 2022, dateUpdated=Fri Jan 28 22:54:16 AST 2022)
